Found 40 packages in .
====================
[moveit]
git hash of (..): 8d6dda1e7366a902e47200e76e634e51f74dffa3
LicenseTagExistsCheck
[92m SUCCESS Found licenses ['BSD-3-Clause'][00m
LicenseTagIsInSpdxListCheck
[92m SUCCESS All license tags are in SPDX list of licenses.[00m
LicenseTextExistsCheck
[91m FAILURE The following license tags do not have a valid license text file:
  'BSD-3-Clause': No license text file defined.[00m
LicensesInCodeCheck
[91m FAILURE AssertionError: License tag must have file attribute.[00m
--------------------
[moveit] Overall:[91m
 FAILURE[00m
====================
[moveit_setup_simulation]
git hash of (../..): 8d6dda1e7366a902e47200e76e634e51f74dffa3
LicenseTagExistsCheck
[92m SUCCESS Found licenses ['BSD-3-Clause'][00m
LicenseTagIsInSpdxListCheck
[92m SUCCESS All license tags are in SPDX list of licenses.[00m
LicenseTextExistsCheck
[92m SUCCESS All license tags have a valid license text file.[00m
LicensesInCodeCheck
[92m SUCCESS All licenses found in the code are covered by a license declaration.[00m
--------------------
[moveit_setup_simulation] Overall:[92m
 SUCCESS[00m
====================
[moveit_setup_app_plugins]
git hash of (../..): 8d6dda1e7366a902e47200e76e634e51f74dffa3
LicenseTagExistsCheck
[92m SUCCESS Found licenses ['BSD-3-Clause'][00m
LicenseTagIsInSpdxListCheck
[92m SUCCESS All license tags are in SPDX list of licenses.[00m
LicenseTextExistsCheck
[92m SUCCESS All license tags have a valid license text file.[00m
LicensesInCodeCheck
[92m SUCCESS All licenses found in the code are covered by a license declaration.[00m
--------------------
[moveit_setup_app_plugins] Overall:[92m
 SUCCESS[00m
====================
[moveit_setup_assistant]
git hash of (../..): 8d6dda1e7366a902e47200e76e634e51f74dffa3
LicenseTagExistsCheck
[92m SUCCESS Found licenses ['BSD-3-Clause'][00m
LicenseTagIsInSpdxListCheck
[92m SUCCESS All license tags are in SPDX list of licenses.[00m
LicenseTextExistsCheck
[92m SUCCESS All license tags have a valid license text file.[00m
LicensesInCodeCheck
[92m SUCCESS All licenses found in the code are covered by a license declaration.[00m
--------------------
[moveit_setup_assistant] Overall:[92m
 SUCCESS[00m
====================
[moveit_setup_srdf_plugins]
git hash of (../..): 8d6dda1e7366a902e47200e76e634e51f74dffa3
LicenseTagExistsCheck
[92m SUCCESS Found licenses ['BSD-3-Clause'][00m
LicenseTagIsInSpdxListCheck
[92m SUCCESS All license tags are in SPDX list of licenses.[00m
LicenseTextExistsCheck
[92m SUCCESS All license tags have a valid license text file.[00m
LicensesInCodeCheck
[92m SUCCESS All licenses found in the code are covered by a license declaration.[00m
--------------------
[moveit_setup_srdf_plugins] Overall:[92m
 SUCCESS[00m
====================
[moveit_setup_framework]
git hash of (../..): 8d6dda1e7366a902e47200e76e634e51f74dffa3
LicenseTagExistsCheck
[92m SUCCESS Found licenses ['BSD-3-Clause'][00m
LicenseTagIsInSpdxListCheck
[92m SUCCESS All license tags are in SPDX list of licenses.[00m
LicenseTextExistsCheck
[92m SUCCESS All license tags have a valid license text file.[00m
LicensesInCodeCheck
[92m SUCCESS All licenses found in the code are covered by a license declaration.[00m
--------------------
[moveit_setup_framework] Overall:[92m
 SUCCESS[00m
====================
[moveit_setup_core_plugins]
git hash of (../..): 8d6dda1e7366a902e47200e76e634e51f74dffa3
LicenseTagExistsCheck
[92m SUCCESS Found licenses ['BSD-3-Clause'][00m
LicenseTagIsInSpdxListCheck
[92m SUCCESS All license tags are in SPDX list of licenses.[00m
LicenseTextExistsCheck
[92m SUCCESS All license tags have a valid license text file.[00m
LicensesInCodeCheck
[92m SUCCESS All licenses found in the code are covered by a license declaration.[00m
--------------------
[moveit_setup_core_plugins] Overall:[92m
 SUCCESS[00m
====================
[moveit_setup_controllers]
git hash of (../..): 8d6dda1e7366a902e47200e76e634e51f74dffa3
LicenseTagExistsCheck
[92m SUCCESS Found licenses ['BSD-3-Clause'][00m
LicenseTagIsInSpdxListCheck
[92m SUCCESS All license tags are in SPDX list of licenses.[00m
LicenseTextExistsCheck
[91m FAILURE The following license tags do not have a valid license text file:
  'BSD-3-Clause': No license text file defined.[00m
LicensesInCodeCheck
[91m FAILURE AssertionError: License tag must have file attribute.[00m
--------------------
[moveit_setup_controllers] Overall:[91m
 FAILURE[00m
====================
[moveit_configs_utils]
git hash of (..): 8d6dda1e7366a902e47200e76e634e51f74dffa3
LicenseTagExistsCheck
[92m SUCCESS Found licenses ['BSD-3-Clause'][00m
LicenseTagIsInSpdxListCheck
[92m SUCCESS All license tags are in SPDX list of licenses.[00m
LicenseTextExistsCheck
[92m SUCCESS All license tags have a valid license text file.[00m
LicensesInCodeCheck
[92m SUCCESS All licenses found in the code are covered by a license declaration.[00m
--------------------
[moveit_configs_utils] Overall:[92m
 SUCCESS[00m
====================
[moveit_servo]
git hash of (../..): 8d6dda1e7366a902e47200e76e634e51f74dffa3
LicenseTagExistsCheck
[92m SUCCESS Found licenses ['BSD-3-Clause'][00m
LicenseTagIsInSpdxListCheck
[92m SUCCESS All license tags are in SPDX list of licenses.[00m
LicenseTextExistsCheck
[91m FAILURE The following license tags do not have a valid license text file:
  'BSD-3-Clause': No license text file defined.[00m
LicensesInCodeCheck
[91m FAILURE AssertionError: License tag must have file attribute.[00m
--------------------
[moveit_servo] Overall:[91m
 FAILURE[00m
====================
[benchmarks]
git hash of (../..): 8d6dda1e7366a902e47200e76e634e51f74dffa3
LicenseTagExistsCheck
[92m SUCCESS Found licenses ['BSD-3-Clause'][00m
LicenseTagIsInSpdxListCheck
[92m SUCCESS All license tags are in SPDX list of licenses.[00m
LicenseTextExistsCheck
[92m SUCCESS All license tags have a valid license text file.[00m
LicensesInCodeCheck
[92m SUCCESS All licenses found in the code are covered by a license declaration.[00m
--------------------
[benchmarks] Overall:[92m
 SUCCESS[00m
====================
[move_group]
git hash of (../..): 8d6dda1e7366a902e47200e76e634e51f74dffa3
LicenseTagExistsCheck
[92m SUCCESS Found licenses ['BSD-3-Clause'][00m
LicenseTagIsInSpdxListCheck
[92m SUCCESS All license tags are in SPDX list of licenses.[00m
LicenseTextExistsCheck
[92m SUCCESS All license tags have a valid license text file.[00m
LicensesInCodeCheck
[92m SUCCESS All licenses found in the code are covered by a license declaration.[00m
--------------------
[move_group] Overall:[92m
 SUCCESS[00m
====================
[moveit_ros]
git hash of (../..): 8d6dda1e7366a902e47200e76e634e51f74dffa3
LicenseTagExistsCheck
[92m SUCCESS Found licenses ['BSD-3-Clause'][00m
LicenseTagIsInSpdxListCheck
[92m SUCCESS All license tags are in SPDX list of licenses.[00m
LicenseTextExistsCheck
[92m SUCCESS All license tags have a valid license text file.[00m
LicensesInCodeCheck
[92m SUCCESS All licenses found in the code are covered by a license declaration.[00m
--------------------
[moveit_ros] Overall:[92m
 SUCCESS[00m
====================
[hybrid_planning]
git hash of (../..): 8d6dda1e7366a902e47200e76e634e51f74dffa3
LicenseTagExistsCheck
[92m SUCCESS Found licenses ['BSD-3-Clause'][00m
LicenseTagIsInSpdxListCheck
[92m SUCCESS All license tags are in SPDX list of licenses.[00m
LicenseTextExistsCheck
[91m FAILURE The following license tags do not have a valid license text file:
  'BSD-3-Clause': No license text file defined.[00m
LicensesInCodeCheck
[91m FAILURE AssertionError: License tag must have file attribute.[00m
--------------------
[hybrid_planning] Overall:[91m
 FAILURE[00m
====================
[planning_interface]
git hash of (../..): 8d6dda1e7366a902e47200e76e634e51f74dffa3
LicenseTagExistsCheck
[92m SUCCESS Found licenses ['BSD-3-Clause'][00m
LicenseTagIsInSpdxListCheck
[92m SUCCESS All license tags are in SPDX list of licenses.[00m
LicenseTextExistsCheck
[91m FAILURE The following license tags do not have a valid license text file:
  'BSD-3-Clause': No license text file defined.[00m
LicensesInCodeCheck
[91m FAILURE AssertionError: License tag must have file attribute.[00m
--------------------
[planning_interface] Overall:[91m
 FAILURE[00m
====================
[occupancy_map_monitor]
git hash of (../..): 8d6dda1e7366a902e47200e76e634e51f74dffa3
LicenseTagExistsCheck
[92m SUCCESS Found licenses ['BSD-3-Clause'][00m
LicenseTagIsInSpdxListCheck
[92m SUCCESS All license tags are in SPDX list of licenses.[00m
LicenseTextExistsCheck
[91m FAILURE The following license tags do not have a valid license text file:
  'BSD-3-Clause': No license text file defined.[00m
LicensesInCodeCheck
[91m FAILURE AssertionError: License tag must have file attribute.[00m
--------------------
[occupancy_map_monitor] Overall:[91m
 FAILURE[00m
====================
[warehouse]
git hash of (../..): 8d6dda1e7366a902e47200e76e634e51f74dffa3
LicenseTagExistsCheck
[92m SUCCESS Found licenses ['BSD-3-Clause'][00m
LicenseTagIsInSpdxListCheck
[92m SUCCESS All license tags are in SPDX list of licenses.[00m
LicenseTextExistsCheck
[92m SUCCESS All license tags have a valid license text file.[00m
LicensesInCodeCheck
[92m SUCCESS All licenses found in the code are covered by a license declaration.[00m
--------------------
[warehouse] Overall:[92m
 SUCCESS[00m
====================
[robot_interaction]
git hash of (../..): 8d6dda1e7366a902e47200e76e634e51f74dffa3
LicenseTagExistsCheck
[92m SUCCESS Found licenses ['BSD-3-Clause'][00m
LicenseTagIsInSpdxListCheck
[92m SUCCESS All license tags are in SPDX list of licenses.[00m
LicenseTextExistsCheck
[92m SUCCESS All license tags have a valid license text file.[00m
LicensesInCodeCheck
[92m SUCCESS All licenses found in the code are covered by a license declaration.[00m
--------------------
[robot_interaction] Overall:[92m
 SUCCESS[00m
====================
[visualization]
git hash of (../..): 8d6dda1e7366a902e47200e76e634e51f74dffa3
LicenseTagExistsCheck
[92m SUCCESS Found licenses ['BSD-3-Clause'][00m
LicenseTagIsInSpdxListCheck
[92m SUCCESS All license tags are in SPDX list of licenses.[00m
LicenseTextExistsCheck
[91m FAILURE The following license tags do not have a valid license text file:
  'BSD-3-Clause': No license text file defined.[00m
LicensesInCodeCheck
[91m FAILURE AssertionError: License tag must have file attribute.[00m
--------------------
[visualization] Overall:[91m
 FAILURE[00m
====================
[planning]
git hash of (../..): 8d6dda1e7366a902e47200e76e634e51f74dffa3
LicenseTagExistsCheck
[92m SUCCESS Found licenses ['BSD-3-Clause'][00m
LicenseTagIsInSpdxListCheck
[92m SUCCESS All license tags are in SPDX list of licenses.[00m
LicenseTextExistsCheck
[91m FAILURE The following license tags do not have a valid license text file:
  'BSD-3-Clause': No license text file defined.[00m
LicensesInCodeCheck
[91m FAILURE AssertionError: License tag must have file attribute.[00m
--------------------
[planning] Overall:[91m
 FAILURE[00m
====================
[perception]
git hash of (../..): 8d6dda1e7366a902e47200e76e634e51f74dffa3
LicenseTagExistsCheck
[92m SUCCESS Found licenses ['BSD-3-Clause'][00m
LicenseTagIsInSpdxListCheck
[92m SUCCESS All license tags are in SPDX list of licenses.[00m
LicenseTextExistsCheck
[92m SUCCESS All license tags have a valid license text file.[00m
LicensesInCodeCheck
[92m SUCCESS All licenses found in the code are covered by a license declaration.[00m
--------------------
[perception] Overall:[92m
 SUCCESS[00m
====================
[moveit_common]
git hash of (..): 8d6dda1e7366a902e47200e76e634e51f74dffa3
LicenseTagExistsCheck
[92m SUCCESS Found licenses ['BSD-3-Clause'][00m
LicenseTagIsInSpdxListCheck
[92m SUCCESS All license tags are in SPDX list of licenses.[00m
LicenseTextExistsCheck
[91m FAILURE The following license tags do not have a valid license text file:
  'BSD-3-Clause': No license text file defined.[00m
LicensesInCodeCheck
[91m FAILURE AssertionError: License tag must have file attribute.[00m
--------------------
[moveit_common] Overall:[91m
 FAILURE[00m
====================
[moveit_simple_controller_manager]
git hash of (../..): 8d6dda1e7366a902e47200e76e634e51f74dffa3
LicenseTagExistsCheck
[92m SUCCESS Found licenses ['BSD-3-Clause'][00m
LicenseTagIsInSpdxListCheck
[92m SUCCESS All license tags are in SPDX list of licenses.[00m
LicenseTextExistsCheck
[92m SUCCESS All license tags have a valid license text file.[00m
LicensesInCodeCheck
[92m SUCCESS All licenses found in the code are covered by a license declaration.[00m
--------------------
[moveit_simple_controller_manager] Overall:[92m
 SUCCESS[00m
====================
[moveit_plugins]
git hash of (../..): 8d6dda1e7366a902e47200e76e634e51f74dffa3
LicenseTagExistsCheck
[92m SUCCESS Found licenses ['BSD-3-Clause'][00m
LicenseTagIsInSpdxListCheck
[92m SUCCESS All license tags are in SPDX list of licenses.[00m
LicenseTextExistsCheck
[92m SUCCESS All license tags have a valid license text file.[00m
LicensesInCodeCheck
[92m SUCCESS All licenses found in the code are covered by a license declaration.[00m
--------------------
[moveit_plugins] Overall:[92m
 SUCCESS[00m
====================
[moveit_ros_control_interface]
git hash of (../..): 8d6dda1e7366a902e47200e76e634e51f74dffa3
LicenseTagExistsCheck
[92m SUCCESS Found licenses ['BSD-3-Clause'][00m
LicenseTagIsInSpdxListCheck
[92m SUCCESS All license tags are in SPDX list of licenses.[00m
LicenseTextExistsCheck
[92m SUCCESS All license tags have a valid license text file.[00m
LicensesInCodeCheck
[92m SUCCESS All licenses found in the code are covered by a license declaration.[00m
--------------------
[moveit_ros_control_interface] Overall:[92m
 SUCCESS[00m
====================
[moveit_commander]
git hash of (..): 8d6dda1e7366a902e47200e76e634e51f74dffa3
LicenseTagExistsCheck
[92m SUCCESS Found licenses ['BSD-3-Clause'][00m
LicenseTagIsInSpdxListCheck
[92m SUCCESS All license tags are in SPDX list of licenses.[00m
LicenseTextExistsCheck
[92m SUCCESS All license tags have a valid license text file.[00m
LicensesInCodeCheck
[92m SUCCESS All licenses found in the code are covered by a license declaration.[00m
--------------------
[moveit_commander] Overall:[92m
 SUCCESS[00m
====================
[ompl]
git hash of (../..): 8d6dda1e7366a902e47200e76e634e51f74dffa3
LicenseTagExistsCheck
[92m SUCCESS Found licenses ['BSD-3-Clause'][00m
LicenseTagIsInSpdxListCheck
[92m SUCCESS All license tags are in SPDX list of licenses.[00m
LicenseTextExistsCheck
[92m SUCCESS All license tags have a valid license text file.[00m
LicensesInCodeCheck
[92m SUCCESS All licenses found in the code are covered by a license declaration.[00m
--------------------
[ompl] Overall:[92m
 SUCCESS[00m
====================
[chomp_interface]
git hash of (None): None
LicenseTagExistsCheck
[92m SUCCESS Found licenses ['BSD-3-Clause'][00m
LicenseTagIsInSpdxListCheck
[92m SUCCESS All license tags are in SPDX list of licenses.[00m
LicenseTextExistsCheck
[91m FAILURE The following license tags do not have a valid license text file:
  'BSD-3-Clause': No license text file defined.[00m
LicensesInCodeCheck
[91m FAILURE AssertionError: License tag must have file attribute.[00m
--------------------
[chomp_interface] Overall:[91m
 FAILURE[00m
====================
[chomp_optimizer_adapter]
git hash of (None): None
LicenseTagExistsCheck
[92m SUCCESS Found licenses ['BSD-3-Clause'][00m
LicenseTagIsInSpdxListCheck
[92m SUCCESS All license tags are in SPDX list of licenses.[00m
LicenseTextExistsCheck
[92m SUCCESS All license tags have a valid license text file.[00m
LicensesInCodeCheck
[92m SUCCESS All licenses found in the code are covered by a license declaration.[00m
--------------------
[chomp_optimizer_adapter] Overall:[92m
 SUCCESS[00m
====================
[chomp_motion_planner]
git hash of (None): None
LicenseTagExistsCheck
[92m SUCCESS Found licenses ['BSD-3-Clause'][00m
LicenseTagIsInSpdxListCheck
[92m SUCCESS All license tags are in SPDX list of licenses.[00m
LicenseTextExistsCheck
[91m FAILURE The following license tags do not have a valid license text file:
  'BSD-3-Clause': No license text file defined.[00m
LicensesInCodeCheck
[91m FAILURE AssertionError: License tag must have file attribute.[00m
--------------------
[chomp_motion_planner] Overall:[91m
 FAILURE[00m
====================
[moveit_planners]
git hash of (../..): 8d6dda1e7366a902e47200e76e634e51f74dffa3
LicenseTagExistsCheck
[92m SUCCESS Found licenses ['BSD-3-Clause'][00m
LicenseTagIsInSpdxListCheck
[92m SUCCESS All license tags are in SPDX list of licenses.[00m
LicenseTextExistsCheck
[92m SUCCESS All license tags have a valid license text file.[00m
LicensesInCodeCheck
[92m SUCCESS All licenses found in the code are covered by a license declaration.[00m
--------------------
[moveit_planners] Overall:[92m
 SUCCESS[00m
====================
[prbt_pg70_support]
git hash of (None): None
LicenseTagExistsCheck
[92m SUCCESS Found licenses ['Apache 2.0'][00m
LicenseTagIsInSpdxListCheck
[91m FAILURE Licenses ['Apache 2.0'] are not in SPDX list of licenses.[00m
LicenseTextExistsCheck
[91m FAILURE The following license tags do not have a valid license text file:
  'Apache 2.0': No license text file defined.[00m
LicensesInCodeCheck
[91m FAILURE AssertionError: License tag must have file attribute.[00m
--------------------
[prbt_pg70_support] Overall:[91m
 FAILURE[00m
====================
[prbt_support]
git hash of (None): None
LicenseTagExistsCheck
[92m SUCCESS Found licenses ['Apache 2.0'][00m
LicenseTagIsInSpdxListCheck
[91m FAILURE Licenses ['Apache 2.0'] are not in SPDX list of licenses.[00m
LicenseTextExistsCheck
[91m FAILURE The following license tags do not have a valid license text file:
  'Apache 2.0': License text file 'LICENSE' is of license Apache-2.0 but should be Apache 2.0.[00m
LicensesInCodeCheck
[91m FAILURE 
The following files contain licenses that are not covered by any license tag:
  'config/manipulator_controller.yaml': ['Apache-2.0']
  'config/manipulator_driver.yaml': ['Apache-2.0']
  'urdf/simple_gripper_brackets.urdf.xacro': ['Apache-2.0']
  'urdf/prbt_macro.xacro': ['Apache-2.0']
  'urdf/prbt.xacro': ['Apache-2.0'][00m
--------------------
[prbt_support] Overall:[91m
 FAILURE[00m
====================
[prbt_moveit_config]
git hash of (None): None
LicenseTagExistsCheck
[92m SUCCESS Found licenses ['BSD-3-Clause'][00m
LicenseTagIsInSpdxListCheck
[92m SUCCESS All license tags are in SPDX list of licenses.[00m
LicenseTextExistsCheck
[91m FAILURE The following license tags do not have a valid license text file:
  'BSD-3-Clause': No license text file defined.[00m
LicensesInCodeCheck
[91m FAILURE AssertionError: License tag must have file attribute.[00m
--------------------
[prbt_moveit_config] Overall:[91m
 FAILURE[00m
====================
[prbt_ikfast_manipulator_plugin]
git hash of (None): None
LicenseTagExistsCheck
[92m SUCCESS Found licenses ['Apache 2.0'][00m
LicenseTagIsInSpdxListCheck
[91m FAILURE Licenses ['Apache 2.0'] are not in SPDX list of licenses.[00m
LicenseTextExistsCheck
[91m FAILURE The following license tags do not have a valid license text file:
  'Apache 2.0': License text file 'LICENSE' is of license Apache-2.0 but should be Apache 2.0.[00m
LicensesInCodeCheck
[91m FAILURE 
The following files contain licenses that are not covered by any license tag:
  'include/ikfast.h': ['Apache-2.0']
  'src/prbt_manipulator_ikfast_moveit_plugin.cpp': ['BSD-3-Clause']
  'src/prbt_manipulator_ikfast_solver.cpp': ['Apache-2.0'][00m
--------------------
[prbt_ikfast_manipulator_plugin] Overall:[91m
 FAILURE[00m
====================
[pilz_industrial_motion_planner_testutils]
git hash of (../..): 8d6dda1e7366a902e47200e76e634e51f74dffa3
LicenseTagExistsCheck
[92m SUCCESS Found licenses ['BSD-3-Clause'][00m
LicenseTagIsInSpdxListCheck
[92m SUCCESS All license tags are in SPDX list of licenses.[00m
LicenseTextExistsCheck
[92m SUCCESS All license tags have a valid license text file.[00m
LicensesInCodeCheck
[91m FAILURE 
The following files contain licenses that are not covered by any license tag:
  'include/pilz_industrial_motion_planner_testutils/async_test.h': ['Apache-2.0'][00m
--------------------
[pilz_industrial_motion_planner_testutils] Overall:[91m
 FAILURE[00m
====================
[pilz_industrial_motion_planner]
git hash of (../..): 8d6dda1e7366a902e47200e76e634e51f74dffa3
LicenseTagExistsCheck
[92m SUCCESS Found licenses ['BSD-3-Clause'][00m
LicenseTagIsInSpdxListCheck
[92m SUCCESS All license tags are in SPDX list of licenses.[00m
LicenseTextExistsCheck
[92m SUCCESS All license tags have a valid license text file.[00m
LicensesInCodeCheck
[91m FAILURE 
The following files contain licenses that are not covered by any license tag:
  'include/joint_limits_copy/joint_limits_rosparam.hpp': ['Apache-2.0']
  'include/joint_limits_copy/joint_limits.hpp': ['Apache-2.0']
  'doc/figure/blend_case_1.eps': ['Apache-2.0', 'Apache-2.0']
  'doc/figure/blend_case_3.eps': ['Apache-2.0', 'Apache-2.0']
  'doc/figure/original_trajectories.eps': ['Apache-2.0', 'Apache-2.0']
  'doc/figure/blend_case_2.eps': ['Apache-2.0', 'Apache-2.0'][00m
--------------------
[pilz_industrial_motion_planner] Overall:[91m
 FAILURE[00m
====================
[moveit_core]
git hash of (..): 8d6dda1e7366a902e47200e76e634e51f74dffa3
LicenseTagExistsCheck
[92m SUCCESS Found licenses ['BSD-3-Clause'][00m
LicenseTagIsInSpdxListCheck
[92m SUCCESS All license tags are in SPDX list of licenses.[00m
LicenseTextExistsCheck
[91m FAILURE The following license tags do not have a valid license text file:
  'BSD-3-Clause': No license text file defined.[00m
LicensesInCodeCheck
[91m FAILURE AssertionError: License tag must have file attribute.[00m
--------------------
[moveit_core] Overall:[91m
 FAILURE[00m
====================
[moveit_runtime]
git hash of (..): 8d6dda1e7366a902e47200e76e634e51f74dffa3
LicenseTagExistsCheck
[92m SUCCESS Found licenses ['BSD-3-Clause'][00m
LicenseTagIsInSpdxListCheck
[92m SUCCESS All license tags are in SPDX list of licenses.[00m
LicenseTextExistsCheck
[92m SUCCESS All license tags have a valid license text file.[00m
LicensesInCodeCheck
[92m SUCCESS All licenses found in the code are covered by a license declaration.[00m
--------------------
[moveit_runtime] Overall:[92m
 SUCCESS[00m
====================
[moveit_kinematics]
git hash of (..): 8d6dda1e7366a902e47200e76e634e51f74dffa3
LicenseTagExistsCheck
[92m SUCCESS Found licenses ['BSD-3-Clause'][00m
LicenseTagIsInSpdxListCheck
[92m SUCCESS All license tags are in SPDX list of licenses.[00m
LicenseTextExistsCheck
[92m SUCCESS All license tags have a valid license text file.[00m
LicensesInCodeCheck
[91m FAILURE 
The following files contain licenses that are not covered by any license tag:
  'kdl_kinematics_plugin/include/moveit/kdl_kinematics_plugin/chainiksolver_vel_mimic_svd.hpp': ['LGPL-2.1-or-later']
  'kdl_kinematics_plugin/src/chainiksolver_vel_mimic_svd.cpp': ['LGPL-2.1-or-later']
  'ikfast_kinematics_plugin/templates/ikfast.h': ['Apache-2.0'][00m
--------------------
[moveit_kinematics] Overall:[91m
 FAILURE[00m
====================
Execution time: 1283.22 seconds
All packages:[91m
 FAILURE[00m
